mode: atomic
github.com/Gusarov2k/url_short/internal/db/config.go:8.49,13.30 2 4
github.com/Gusarov2k/url_short/internal/db/config.go:17.2,17.11 1 4
github.com/Gusarov2k/url_short/internal/db/config.go:13.30,15.3 1 0
github.com/Gusarov2k/url_short/internal/db/config.go:24.44,25.25 1 0
github.com/Gusarov2k/url_short/internal/db/config.go:25.25,27.3 1 0
github.com/Gusarov2k/url_short/internal/db/config.go:31.45,32.25 1 0
github.com/Gusarov2k/url_short/internal/db/config.go:32.25,34.3 1 0
github.com/Gusarov2k/url_short/internal/db/urls.go:23.56,25.2 1 2
github.com/Gusarov2k/url_short/internal/db/urls.go:28.70,37.2 2 2
github.com/Gusarov2k/url_short/internal/db/urls.go:40.82,44.2 2 1
github.com/Gusarov2k/url_short/internal/db/urls.go:48.25,56.16 3 1
github.com/Gusarov2k/url_short/internal/db/urls.go:62.2,62.15 1 1
github.com/Gusarov2k/url_short/internal/db/urls.go:56.16,57.36 1 0
github.com/Gusarov2k/url_short/internal/db/urls.go:60.3,60.74 1 0
github.com/Gusarov2k/url_short/internal/db/urls.go:57.36,59.4 1 0
github.com/Gusarov2k/url_short/internal/db/client.go:20.52,24.67 3 4
github.com/Gusarov2k/url_short/internal/db/client.go:28.2,28.35 1 4
github.com/Gusarov2k/url_short/internal/db/client.go:31.2,35.12 4 4
github.com/Gusarov2k/url_short/internal/db/client.go:24.67,27.3 2 0
github.com/Gusarov2k/url_short/internal/db/client.go:28.35,30.3 1 0
github.com/Gusarov2k/url_short/internal/db/client.go:39.32,41.2 1 4
github.com/Gusarov2k/url_short/internal/db/client.go:44.37,47.2 2 2
